0 info it worked if it ends with ok
1 verbose cli [ '/usr/bin/node', '/usr/bin/npm', 'run', 'test' ]
2 info using npm@3.10.10
3 info using node@v6.12.3
4 verbose run-script [ 'pretest', 'test', 'posttest' ]
5 info lifecycle dom-to-image@2.6.0~pretest: dom-to-image@2.6.0
6 silly lifecycle dom-to-image@2.6.0~pretest: no script for pretest, continuing
7 info lifecycle dom-to-image@2.6.0~test: dom-to-image@2.6.0
8 verbose lifecycle dom-to-image@2.6.0~test: unsafe-perm in lifecycle true
9 verbose lifecycle dom-to-image@2.6.0~test: PATH: /usr/lib/node_modules/npm/bin/node-gyp-bin:/media/mateus/hd/dev/dom-to-image/node_modules/.bin:/usr/local/sbin:/usr/local/bin:/usr/sbin:/usr/bin:/sbin:/bin:/usr/games:/usr/local/games:/snap/bin:/usr/local/go/bin:/usr/local/go/bin:/usr/local/go/bin:/usr/local/go/bin:/home/mateus/Android/Sdk/tools:/home/mateus/Android/Sdk/platform-tools
10 verbose lifecycle dom-to-image@2.6.0~test: CWD: /media/mateus/hd/dev/dom-to-image
11 silly lifecycle dom-to-image@2.6.0~test: Args: [ '-c', 'grunt test' ]
12 silly lifecycle dom-to-image@2.6.0~test: Returned: code: 3  signal: null
13 info lifecycle dom-to-image@2.6.0~test: Failed to exec test script
14 verbose stack Error: dom-to-image@2.6.0 test: `grunt test`
14 verbose stack Exit status 3
14 verbose stack     at EventEmitter.<anonymous> (/usr/lib/node_modules/npm/lib/utils/lifecycle.js:255:16)
14 verbose stack     at emitTwo (events.js:106:13)
14 verbose stack     at EventEmitter.emit (events.js:191:7)
14 verbose stack     at ChildProcess.<anonymous> (/usr/lib/node_modules/npm/lib/utils/spawn.js:40:14)
14 verbose stack     at emitTwo (events.js:106:13)
14 verbose stack     at ChildProcess.emit (events.js:191:7)
14 verbose stack     at maybeClose (internal/child_process.js:920:16)
14 verbose stack     at Process.ChildProcess._handle.onexit (internal/child_process.js:230:5)
15 verbose pkgid dom-to-image@2.6.0
16 verbose cwd /media/mateus/hd/dev/dom-to-image
17 error Linux 4.4.0-112-generic
18 error argv "/usr/bin/node" "/usr/bin/npm" "run" "test"
19 error node v6.12.3
20 error npm  v3.10.10
21 error code ELIFECYCLE
22 error dom-to-image@2.6.0 test: `grunt test`
22 error Exit status 3
23 error Failed at the dom-to-image@2.6.0 test script 'grunt test'.
23 error Make sure you have the latest version of node.js and npm installed.
23 error If you do, this is most likely a problem with the dom-to-image package,
23 error not with npm itself.
23 error Tell the author that this fails on your system:
23 error     grunt test
23 error You can get information on how to open an issue for this project with:
23 error     npm bugs dom-to-image
23 error Or if that isn't available, you can get their info via:
23 error     npm owner ls dom-to-image
23 error There is likely additional logging output above.
24 verbose exit [ 1, true ]
